
Recovery Manager: Release 18.0.0.0.0 - Production on Tue Dec 31 10:43:48 2019
Version 18.7.0.0.0

Copyright (c) 1982, 2018, Oracle and/or its affiliates.  All rights reserved.

RMAN> connect target *
2> connect auxiliary *
3> run{
4> allocate channel prm1 type disk;
5> allocate channel prm2 type disk;
6> allocate auxiliary channel aux1 type disk;
7> allocate auxiliary channel aux2 type disk;
8> allocate auxiliary channel aux3 type disk;
9> allocate auxiliary channel aux4 type disk;
10> DUPLICATE TARGET DATABASE TO 'ADDEVL'
11> FROM ACTIVE DATABASE
12> SPFILE
13>   PARAMETER_VALUE_CONVERT
14>     'NNZDEVL','ADDEVL','nnzdevl','addevl'
15>   SET DB_UNIQUE_NAME='ADDEVL'
16> USING COMPRESSED BACKUPSET SECTION SIZE 2G
17> NOFILENAMECHECK;
18> }
19> 
connected to target database: NNZDEVL (DBID=1783077535)

connected to auxiliary database: ADDEVL (not mounted)

using target database control file instead of recovery catalog
allocated channel: prm1
channel prm1: SID=268 device type=DISK

allocated channel: prm2
channel prm2: SID=487 device type=DISK

allocated channel: aux1
channel aux1: SID=153 device type=DISK

allocated channel: aux2
channel aux2: SID=295 device type=DISK

allocated channel: aux3
channel aux3: SID=435 device type=DISK

allocated channel: aux4
channel aux4: SID=12 device type=DISK

Starting Duplicate Db at 31-DEC-19
current log archived

contents of Memory Script:
{
   restore clone from service  'NNZDEVL' using compressed backupset
   spfile to  '/u01/app/oracle/product/18.0.0.0/dbs/spfileADDEVL.ora';
   sql clone "alter system set spfile= ''/u01/app/oracle/product/18.0.0.0/dbs/spfileADDEVL.ora''";
}
executing Memory Script

Starting restore at 31-DEC-19

channel aux1: starting datafile backup set restore
channel aux1: using compressed network backup set from service NNZDEVL
channel aux1: restoring SPFILE
output file name=/u01/app/oracle/product/18.0.0.0/dbs/spfileADDEVL.ora
channel aux1: restore complete, elapsed time: 00:00:02
Finished restore at 31-DEC-19

sql statement: alter system set spfile= ''/u01/app/oracle/product/18.0.0.0/dbs/spfileADDEVL.ora''

contents of Memory Script:
{
   sql clone "alter system set  db_name = 
 ''ADDEVL'' comment=
 ''duplicate'' scope=spfile";
   sql clone "alter system set  audit_file_dest = 
 ''/u01/app/oracle/admin/ADDEVL/adump'' comment=
 '''' scope=spfile";
   sql clone "alter system set  control_files = 
 ''+DATA/ADDEVL/CONTROLFILE/control01.ctl'', ''+FRA/ADDEVL/CONTROLFILE/control02.ctl'' comment=
 '''' scope=spfile";
   sql clone "alter system set  db_name = 
 ''ADDEVL'' comment=
 ''Reset to original value by RMAN'' scope=spfile";
   sql clone "alter system set  dispatchers = 
 ''(PROTOCOL=TCP) (SERVICE=ADDEVLXDB)'' comment=
 '''' scope=spfile";
   sql clone "alter system set  log_archive_format = 
 ''ADDEVL_%t_%s_%r.arc'' comment=
 '''' scope=spfile";
   sql clone "alter system set  db_unique_name = 
 ''ADDEVL'' comment=
 '''' scope=spfile";
   shutdown clone immediate;
   startup clone nomount;
}
executing Memory Script

sql statement: alter system set  db_name =  ''ADDEVL'' comment= ''duplicate'' scope=spfile

sql statement: alter system set  audit_file_dest =  ''/u01/app/oracle/admin/ADDEVL/adump'' comment= '''' scope=spfile

sql statement: alter system set  control_files =  ''+DATA/ADDEVL/CONTROLFILE/control01.ctl'', ''+FRA/ADDEVL/CONTROLFILE/control02.ctl'' comment= '''' scope=spfile

sql statement: alter system set  db_name =  ''ADDEVL'' comment= ''Reset to original value by RMAN'' scope=spfile

sql statement: alter system set  dispatchers =  ''(PROTOCOL=TCP) (SERVICE=ADDEVLXDB)'' comment= '''' scope=spfile

sql statement: alter system set  log_archive_format =  ''ADDEVL_%t_%s_%r.arc'' comment= '''' scope=spfile

sql statement: alter system set  db_unique_name =  ''ADDEVL'' comment= '''' scope=spfile

Oracle instance shut down

connected to auxiliary database (not started)
Oracle instance started

Total System Global Area    1610612016 bytes

Fixed Size                     8658224 bytes
Variable Size                603979776 bytes
Database Buffers             989855744 bytes
Redo Buffers                   8118272 bytes
allocated channel: aux1
channel aux1: SID=475 device type=DISK
allocated channel: aux2
channel aux2: SID=703 device type=DISK
allocated channel: aux3
channel aux3: SID=11 device type=DISK
allocated channel: aux4
channel aux4: SID=476 device type=DISK

contents of Memory Script:
{
   sql clone "alter system set  db_name = 
 ''NNZDEVL'' comment=
 ''Modified by RMAN duplicate'' scope=spfile";
   sql clone "alter system set  db_unique_name = 
 ''ADDEVL'' comment=
 ''Modified by RMAN duplicate'' scope=spfile";
   shutdown clone immediate;
   startup clone force nomount
   restore clone from service  'NNZDEVL' using compressed backupset
   primary controlfile;
   alter clone database mount;
}
executing Memory Script

sql statement: alter system set  db_name =  ''NNZDEVL'' comment= ''Modified by RMAN duplicate'' scope=spfile

sql statement: alter system set  db_unique_name =  ''ADDEVL'' comment= ''Modified by RMAN duplicate'' scope=spfile

Oracle instance shut down

Oracle instance started

Total System Global Area    1610612016 bytes

Fixed Size                     8658224 bytes
Variable Size                603979776 bytes
Database Buffers             989855744 bytes
Redo Buffers                   8118272 bytes
allocated channel: aux1
channel aux1: SID=475 device type=DISK
allocated channel: aux2
channel aux2: SID=703 device type=DISK
allocated channel: aux3
channel aux3: SID=11 device type=DISK
allocated channel: aux4
channel aux4: SID=476 device type=DISK

Starting restore at 31-DEC-19

channel aux1: starting datafile backup set restore
channel aux1: using compressed network backup set from service NNZDEVL
channel aux1: restoring control file
channel aux1: restore complete, elapsed time: 00:00:04
output file name=+DATA/ADDEVL/CONTROLFILE/control01.ctl
output file name=+FRA/ADDEVL/CONTROLFILE/control02.ctl
Finished restore at 31-DEC-19

database mounted

contents of Memory Script:
{
   set newname for clone datafile  1 to new;
   set newname for clone datafile  2 to new;
   set newname for clone datafile  3 to new;
   set newname for clone datafile  4 to new;
   set newname for clone datafile  5 to new;
   set newname for clone datafile  6 to new;
   set newname for clone datafile  7 to new;
   set newname for clone datafile  8 to new;
   set newname for clone datafile  9 to new;
   set newname for clone datafile  10 to new;
   set newname for clone datafile  11 to new;
   set newname for clone datafile  12 to new;
   set newname for clone datafile  13 to new;
   set newname for clone datafile  14 to new;
   set newname for clone datafile  15 to new;
   set newname for clone datafile  16 to new;
   set newname for clone datafile  17 to new;
   set newname for clone datafile  18 to new;
   set newname for clone datafile  19 to new;
   set newname for clone datafile  20 to new;
   set newname for clone datafile  21 to new;
   set newname for clone datafile  22 to new;
   set newname for clone datafile  23 to new;
   set newname for clone datafile  24 to new;
   set newname for clone datafile  25 to new;
   set newname for clone datafile  26 to new;
   set newname for clone datafile  27 to new;
   set newname for clone datafile  28 to new;
   set newname for clone datafile  29 to new;
   set newname for clone datafile  30 to new;
   set newname for clone datafile  31 to new;
   set newname for clone datafile  32 to new;
   set newname for clone datafile  33 to new;
   set newname for clone datafile  34 to new;
   set newname for clone datafile  35 to new;
   set newname for clone datafile  36 to new;
   set newname for clone datafile  37 to new;
   restore
   from  nonsparse   section size 
 2 g   using compressed backupset
   from service  'NNZDEVL'   clone database
   ;
   sql 'alter system archive log current';
}
executing Memory Script

executing command: SET NEWNAME

executing command: SET NEWNAME

executing command: SET NEWNAME

executing command: SET NEWNAME

executing command: SET NEWNAME

executing command: SET NEWNAME

executing command: SET NEWNAME

executing command: SET NEWNAME

executing command: SET NEWNAME

executing command: SET NEWNAME

executing command: SET NEWNAME

executing command: SET NEWNAME

executing command: SET NEWNAME

executing command: SET NEWNAME

executing command: SET NEWNAME

executing command: SET NEWNAME

executing command: SET NEWNAME

executing command: SET NEWNAME

executing command: SET NEWNAME

executing command: SET NEWNAME

executing command: SET NEWNAME

executing command: SET NEWNAME

executing command: SET NEWNAME

executing command: SET NEWNAME

executing command: SET NEWNAME

executing command: SET NEWNAME

executing command: SET NEWNAME

executing command: SET NEWNAME

executing command: SET NEWNAME

executing command: SET NEWNAME

executing command: SET NEWNAME

executing command: SET NEWNAME

executing command: SET NEWNAME

executing command: SET NEWNAME

executing command: SET NEWNAME

executing command: SET NEWNAME

executing command: SET NEWNAME

Starting restore at 31-DEC-19

channel aux1: starting datafile backup set restore
channel aux1: using compressed network backup set from service NNZDEVL
channel aux1: specifying datafile(s) to restore from backup set
channel aux1: restoring datafile 00001 to +DATA/ADDEVL/DATAFILE/system.846.1028457937
channel aux1: restoring section 1 of 1
channel aux2: starting datafile backup set restore
channel aux2: using compressed network backup set from service NNZDEVL
channel aux2: specifying datafile(s) to restore from backup set
channel aux2: restoring datafile 00002 to +DATA/ADDEVL/DATAFILE/appl_shared_objs_ix.1852.1028457937
channel aux2: restoring section 1 of 1
channel aux3: starting datafile backup set restore
channel aux3: using compressed network backup set from service NNZDEVL
channel aux3: specifying datafile(s) to restore from backup set
channel aux3: restoring datafile 00003 to +DATA/ADDEVL/DATAFILE/sysaux.1830.1028457937
channel aux3: restoring section 1 of 1
channel aux4: starting datafile backup set restore
channel aux4: using compressed network backup set from service NNZDEVL
channel aux4: specifying datafile(s) to restore from backup set
channel aux4: restoring datafile 00004 to +DATA/ADDEVL/DATAFILE/undotbs1.847.1028457939
channel aux4: restoring section 1 of 1
channel aux4: restore complete, elapsed time: 00:00:02
channel aux4: starting datafile backup set restore
channel aux4: using compressed network backup set from service NNZDEVL
channel aux4: specifying datafile(s) to restore from backup set
channel aux4: restoring datafile 00005 to +DATA/ADDEVL/DATAFILE/appl_shared_objs_dt.858.1028457939
channel aux4: restoring section 1 of 1
channel aux2: restore complete, elapsed time: 00:00:10
channel aux2: starting datafile backup set restore
channel aux2: using compressed network backup set from service NNZDEVL
channel aux2: specifying datafile(s) to restore from backup set
channel aux2: restoring datafile 00006 to +DATA/ADDEVL/DATAFILE/users.1847.1028457947
channel aux2: restoring section 1 of 1
channel aux4: restore complete, elapsed time: 00:00:08
channel aux4: starting datafile backup set restore
channel aux4: using compressed network backup set from service NNZDEVL
channel aux4: specifying datafile(s) to restore from backup set
channel aux4: restoring datafile 00007 to +DATA/ADDEVL/DATAFILE/datapub_dt.1854.1028457949
channel aux4: restoring section 1 of 1
channel aux2: restore complete, elapsed time: 00:00:01
channel aux2: starting datafile backup set restore
channel aux2: using compressed network backup set from service NNZDEVL
channel aux2: specifying datafile(s) to restore from backup set
channel aux2: restoring datafile 00008 to +DATA/ADDEVL/DATAFILE/datapub_dt.864.1028457949
channel aux2: restoring section 1 of 2
channel aux1: restore complete, elapsed time: 00:02:47
channel aux1: starting datafile backup set restore
channel aux1: using compressed network backup set from service NNZDEVL
channel aux1: specifying datafile(s) to restore from backup set
channel aux1: restoring datafile 00008 to +DATA/ADDEVL/DATAFILE/datapub_dt.864.1028457949
channel aux1: restoring section 2 of 2
channel aux1: restore complete, elapsed time: 00:00:26
channel aux1: starting datafile backup set restore
channel aux1: using compressed network backup set from service NNZDEVL
channel aux1: specifying datafile(s) to restore from backup set
channel aux1: restoring datafile 00009 to +DATA/ADDEVL/DATAFILE/datapub_ix.1832.1028458129
channel aux1: restoring section 1 of 1
channel aux1: restore complete, elapsed time: 00:00:16
channel aux1: starting datafile backup set restore
channel aux1: using compressed network backup set from service NNZDEVL
channel aux1: specifying datafile(s) to restore from backup set
channel aux1: restoring datafile 00010 to +DATA/ADDEVL/DATAFILE/dzdba_dt.1835.1028458145
channel aux1: restoring section 1 of 1
channel aux1: restore complete, elapsed time: 00:00:03
channel aux1: starting datafile backup set restore
channel aux1: using compressed network backup set from service NNZDEVL
channel aux1: specifying datafile(s) to restore from backup set
channel aux1: restoring datafile 00011 to +DATA/ADDEVL/DATAFILE/dzdba_ix.862.1028458149
channel aux1: restoring section 1 of 1
channel aux1: restore complete, elapsed time: 00:00:04
channel aux1: starting datafile backup set restore
channel aux1: using compressed network backup set from service NNZDEVL
channel aux1: specifying datafile(s) to restore from backup set
channel aux1: restoring datafile 00012 to +DATA/ADDEVL/DATAFILE/ibis_dt.1855.1028458153
channel aux1: restoring section 1 of 1
channel aux4: restore complete, elapsed time: 00:04:10
channel aux4: starting datafile backup set restore
channel aux4: using compressed network backup set from service NNZDEVL
channel aux4: specifying datafile(s) to restore from backup set
channel aux4: restoring datafile 00013 to +DATA/ADDEVL/DATAFILE/ibis_ix.1853.1028458199
channel aux4: restoring section 1 of 1
channel aux4: restore complete, elapsed time: 00:00:03
channel aux4: starting datafile backup set restore
channel aux4: using compressed network backup set from service NNZDEVL
channel aux4: specifying datafile(s) to restore from backup set
channel aux4: restoring datafile 00014 to +DATA/ADDEVL/DATAFILE/lng_rabitetl_dt.1845.1028458201
channel aux4: restoring section 1 of 1
channel aux4: restore complete, elapsed time: 00:00:02
channel aux4: starting datafile backup set restore
channel aux4: using compressed network backup set from service NNZDEVL
channel aux4: specifying datafile(s) to restore from backup set
channel aux4: restoring datafile 00015 to +DATA/ADDEVL/DATAFILE/lng_rabitetl_ix.893.1028458203
channel aux4: restoring section 1 of 1
channel aux4: restore complete, elapsed time: 00:00:01
channel aux4: starting datafile backup set restore
channel aux4: using compressed network backup set from service NNZDEVL
channel aux4: specifying datafile(s) to restore from backup set
channel aux4: restoring datafile 00016 to +DATA/ADDEVL/DATAFILE/nomad_dt.1844.1028458205
channel aux4: restoring section 1 of 1
channel aux3: restore complete, elapsed time: 00:04:43
channel aux3: starting datafile backup set restore
channel aux3: using compressed network backup set from service NNZDEVL
channel aux3: specifying datafile(s) to restore from backup set
channel aux3: restoring datafile 00017 to +DATA/ADDEVL/DATAFILE/nomad_ix.1868.1028458221
channel aux3: restoring section 1 of 1
channel aux4: restore complete, elapsed time: 00:00:52
channel aux4: starting datafile backup set restore
channel aux4: using compressed network backup set from service NNZDEVL
channel aux4: specifying datafile(s) to restore from backup set
channel aux4: restoring datafile 00018 to +DATA/ADDEVL/DATAFILE/pandora_dt.1008.1028458257
channel aux4: restoring section 1 of 1
channel aux3: restore complete, elapsed time: 00:00:36
channel aux3: starting datafile backup set restore
channel aux3: using compressed network backup set from service NNZDEVL
channel aux3: specifying datafile(s) to restore from backup set
channel aux3: restoring datafile 00019 to +DATA/ADDEVL/DATAFILE/rabit_dt.1851.1028458257
channel aux3: restoring section 1 of 1
channel aux3: restore complete, elapsed time: 00:00:01
channel aux3: starting datafile backup set restore
channel aux3: using compressed network backup set from service NNZDEVL
channel aux3: specifying datafile(s) to restore from backup set
channel aux3: restoring datafile 00020 to +DATA/ADDEVL/DATAFILE/rabit_ix.1858.1028458259
channel aux3: restoring section 1 of 1
channel aux4: restore complete, elapsed time: 00:00:03
channel aux4: starting datafile backup set restore
channel aux4: using compressed network backup set from service NNZDEVL
channel aux4: specifying datafile(s) to restore from backup set
channel aux4: restoring datafile 00021 to +DATA/ADDEVL/DATAFILE/salt_dt.1857.1028458259
channel aux4: restoring section 1 of 1
channel aux3: restore complete, elapsed time: 00:00:01
channel aux3: starting datafile backup set restore
channel aux3: using compressed network backup set from service NNZDEVL
channel aux3: specifying datafile(s) to restore from backup set
channel aux3: restoring datafile 00022 to +DATA/ADDEVL/DATAFILE/salt_ix.1846.1028458261
channel aux3: restoring section 1 of 1
channel aux1: restore complete, elapsed time: 00:02:13
channel aux1: starting datafile backup set restore
channel aux1: using compressed network backup set from service NNZDEVL
channel aux1: specifying datafile(s) to restore from backup set
channel aux1: restoring datafile 00023 to +DATA/ADDEVL/DATAFILE/sirocco_dt.1843.1028458285
channel aux1: restoring section 1 of 1
channel aux3: restore complete, elapsed time: 00:00:42
channel aux3: starting datafile backup set restore
channel aux3: using compressed network backup set from service NNZDEVL
channel aux3: specifying datafile(s) to restore from backup set
channel aux3: restoring datafile 00024 to +DATA/ADDEVL/DATAFILE/sirocco_ix.1831.1028458301
channel aux3: restoring section 1 of 1
channel aux1: restore complete, elapsed time: 00:00:31
channel aux1: starting datafile backup set restore
channel aux1: using compressed network backup set from service NNZDEVL
channel aux1: specifying datafile(s) to restore from backup set
channel aux1: restoring datafile 00025 to +DATA/ADDEVL/DATAFILE/sweden_dt.1865.1028458317
channel aux1: restoring section 1 of 1
channel aux3: restore complete, elapsed time: 00:00:16
channel aux3: starting datafile backup set restore
channel aux3: using compressed network backup set from service NNZDEVL
channel aux3: specifying datafile(s) to restore from backup set
channel aux3: restoring datafile 00026 to +DATA/ADDEVL/DATAFILE/sweden_ix.1864.1028458317
channel aux3: restoring section 1 of 1
channel aux3: restore complete, elapsed time: 00:00:03
channel aux3: starting datafile backup set restore
channel aux3: using compressed network backup set from service NNZDEVL
channel aux3: specifying datafile(s) to restore from backup set
channel aux3: restoring datafile 00027 to +DATA/ADDEVL/DATAFILE/titanods_dt.1863.1028458321
channel aux3: restoring section 1 of 1
channel aux1: restore complete, elapsed time: 00:00:05
channel aux1: starting datafile backup set restore
channel aux1: using compressed network backup set from service NNZDEVL
channel aux1: specifying datafile(s) to restore from backup set
channel aux1: restoring datafile 00028 to +DATA/ADDEVL/DATAFILE/titanods_ix.1867.1028458321
channel aux1: restoring section 1 of 1
channel aux2: restore complete, elapsed time: 00:06:59
channel aux2: starting datafile backup set restore
channel aux2: using compressed network backup set from service NNZDEVL
channel aux2: specifying datafile(s) to restore from backup set
channel aux2: restoring datafile 00029 to +DATA/ADDEVL/DATAFILE/titan_dt.1850.1028458367
channel aux2: restoring section 1 of 2
channel aux4: restore complete, elapsed time: 00:01:49
channel aux4: starting datafile backup set restore
channel aux4: using compressed network backup set from service NNZDEVL
channel aux4: specifying datafile(s) to restore from backup set
channel aux4: restoring datafile 00029 to +DATA/ADDEVL/DATAFILE/titan_dt.1850.1028458367
channel aux4: restoring section 2 of 2
channel aux4: restore complete, elapsed time: 00:00:56
channel aux4: starting datafile backup set restore
channel aux4: using compressed network backup set from service NNZDEVL
channel aux4: specifying datafile(s) to restore from backup set
channel aux4: restoring datafile 00030 to +DATA/ADDEVL/DATAFILE/titan_ix.1833.1028458425
channel aux4: restoring section 1 of 1
channel aux4: restore complete, elapsed time: 00:00:07
channel aux4: starting datafile backup set restore
channel aux4: using compressed network backup set from service NNZDEVL
channel aux4: specifying datafile(s) to restore from backup set
channel aux4: restoring datafile 00031 to +DATA/ADDEVL/DATAFILE/toad_dt.1866.1028458433
channel aux4: restoring section 1 of 1
channel aux4: restore complete, elapsed time: 00:00:01
channel aux4: starting datafile backup set restore
channel aux4: using compressed network backup set from service NNZDEVL
channel aux4: specifying datafile(s) to restore from backup set
channel aux4: restoring datafile 00032 to +DATA/ADDEVL/DATAFILE/toad_ix.1834.1028458433
channel aux4: restoring section 1 of 1
channel aux4: restore complete, elapsed time: 00:00:02
channel aux4: starting datafile backup set restore
channel aux4: using compressed network backup set from service NNZDEVL
channel aux4: specifying datafile(s) to restore from backup set
channel aux4: restoring datafile 00033 to +DATA/ADDEVL/DATAFILE/ulmo_dt.1862.1028458435
channel aux4: restoring section 1 of 1
channel aux1: restore complete, elapsed time: 00:03:09
channel aux1: starting datafile backup set restore
channel aux1: using compressed network backup set from service NNZDEVL
channel aux1: specifying datafile(s) to restore from backup set
channel aux1: restoring datafile 00034 to +DATA/ADDEVL/DATAFILE/ulmo_ix.522.1028458511
channel aux1: restoring section 1 of 1
channel aux1: restore complete, elapsed time: 00:00:08
channel aux1: starting datafile backup set restore
channel aux1: using compressed network backup set from service NNZDEVL
channel aux1: specifying datafile(s) to restore from backup set
channel aux1: restoring datafile 00035 to +DATA/ADDEVL/DATAFILE/undotbs1.1836.1028458519
channel aux1: restoring section 1 of 1
channel aux1: restore complete, elapsed time: 00:00:02
channel aux1: starting datafile backup set restore
channel aux1: using compressed network backup set from service NNZDEVL
channel aux1: specifying datafile(s) to restore from backup set
channel aux1: restoring datafile 00036 to +DATA/ADDEVL/DATAFILE/auditing.524.1028458521
channel aux1: restoring section 1 of 1
channel aux1: restore complete, elapsed time: 00:00:03
channel aux1: starting datafile backup set restore
channel aux1: using compressed network backup set from service NNZDEVL
channel aux1: specifying datafile(s) to restore from backup set
channel aux1: restoring datafile 00037 to +DATA/ADDEVL/DATAFILE/titan_dt.1856.1028458525
channel aux1: restoring section 1 of 1
channel aux3: restore complete, elapsed time: 00:03:31
channel aux1: restore complete, elapsed time: 00:00:16
channel aux4: restore complete, elapsed time: 00:01:54
channel aux2: restore complete, elapsed time: 00:03:42
Finished restore at 31-DEC-19

sql statement: alter system archive log current
current log archived

contents of Memory Script:
{
   restore clone force from service  'NNZDEVL' using compressed backupset
   archivelog from scn  121972451164;
   switch clone datafile all;
}
executing Memory Script

Starting restore at 31-DEC-19

channel aux1: starting archived log restore to default destination
channel aux1: using compressed network backup set from service NNZDEVL
channel aux1: restoring archived log
archived log thread=1 sequence=524
channel aux2: starting archived log restore to default destination
channel aux2: using compressed network backup set from service NNZDEVL
channel aux2: restoring archived log
archived log thread=1 sequence=525
channel aux1: restore complete, elapsed time: 00:00:01
channel aux2: restore complete, elapsed time: 00:00:01
Finished restore at 31-DEC-19

datafile 1 switched to datafile copy
input datafile copy RECID=179 STAMP=1028458598 file name=+DATA/ADDEVL/DATAFILE/system.846.1028457937
datafile 2 switched to datafile copy
input datafile copy RECID=180 STAMP=1028458598 file name=+DATA/ADDEVL/DATAFILE/appl_shared_objs_ix.1852.1028457937
datafile 3 switched to datafile copy
input datafile copy RECID=181 STAMP=1028458598 file name=+DATA/ADDEVL/DATAFILE/sysaux.1830.1028457937
datafile 4 switched to datafile copy
input datafile copy RECID=182 STAMP=1028458599 file name=+DATA/ADDEVL/DATAFILE/undotbs1.847.1028457939
datafile 5 switched to datafile copy
input datafile copy RECID=183 STAMP=1028458599 file name=+DATA/ADDEVL/DATAFILE/appl_shared_objs_dt.858.1028457939
datafile 6 switched to datafile copy
input datafile copy RECID=184 STAMP=1028458599 file name=+DATA/ADDEVL/DATAFILE/users.1847.1028457947
datafile 7 switched to datafile copy
input datafile copy RECID=185 STAMP=1028458599 file name=+DATA/ADDEVL/DATAFILE/datapub_dt.1854.1028457949
datafile 8 switched to datafile copy
input datafile copy RECID=186 STAMP=1028458599 file name=+DATA/ADDEVL/DATAFILE/datapub_dt.864.1028457949
datafile 9 switched to datafile copy
input datafile copy RECID=187 STAMP=1028458599 file name=+DATA/ADDEVL/DATAFILE/datapub_ix.1832.1028458129
datafile 10 switched to datafile copy
input datafile copy RECID=188 STAMP=1028458599 file name=+DATA/ADDEVL/DATAFILE/dzdba_dt.1835.1028458145
datafile 11 switched to datafile copy
input datafile copy RECID=189 STAMP=1028458599 file name=+DATA/ADDEVL/DATAFILE/dzdba_ix.862.1028458149
datafile 12 switched to datafile copy
input datafile copy RECID=190 STAMP=1028458599 file name=+DATA/ADDEVL/DATAFILE/ibis_dt.1855.1028458153
datafile 13 switched to datafile copy
input datafile copy RECID=191 STAMP=1028458599 file name=+DATA/ADDEVL/DATAFILE/ibis_ix.1853.1028458199
datafile 14 switched to datafile copy
input datafile copy RECID=192 STAMP=1028458599 file name=+DATA/ADDEVL/DATAFILE/lng_rabitetl_dt.1845.1028458201
datafile 15 switched to datafile copy
input datafile copy RECID=193 STAMP=1028458599 file name=+DATA/ADDEVL/DATAFILE/lng_rabitetl_ix.893.1028458203
datafile 16 switched to datafile copy
input datafile copy RECID=194 STAMP=1028458599 file name=+DATA/ADDEVL/DATAFILE/nomad_dt.1844.1028458205
datafile 17 switched to datafile copy
input datafile copy RECID=195 STAMP=1028458599 file name=+DATA/ADDEVL/DATAFILE/nomad_ix.1868.1028458221
datafile 18 switched to datafile copy
input datafile copy RECID=196 STAMP=1028458599 file name=+DATA/ADDEVL/DATAFILE/pandora_dt.1008.1028458257
datafile 19 switched to datafile copy
input datafile copy RECID=197 STAMP=1028458599 file name=+DATA/ADDEVL/DATAFILE/rabit_dt.1851.1028458257
datafile 20 switched to datafile copy
input datafile copy RECID=198 STAMP=1028458599 file name=+DATA/ADDEVL/DATAFILE/rabit_ix.1858.1028458259
datafile 21 switched to datafile copy
input datafile copy RECID=199 STAMP=1028458599 file name=+DATA/ADDEVL/DATAFILE/salt_dt.1857.1028458259
datafile 22 switched to datafile copy
input datafile copy RECID=200 STAMP=1028458599 file name=+DATA/ADDEVL/DATAFILE/salt_ix.1846.1028458261
datafile 23 switched to datafile copy
input datafile copy RECID=201 STAMP=1028458600 file name=+DATA/ADDEVL/DATAFILE/sirocco_dt.1843.1028458285
datafile 24 switched to datafile copy
input datafile copy RECID=202 STAMP=1028458600 file name=+DATA/ADDEVL/DATAFILE/sirocco_ix.1831.1028458301
datafile 25 switched to datafile copy
input datafile copy RECID=203 STAMP=1028458600 file name=+DATA/ADDEVL/DATAFILE/sweden_dt.1865.1028458317
datafile 26 switched to datafile copy
input datafile copy RECID=204 STAMP=1028458600 file name=+DATA/ADDEVL/DATAFILE/sweden_ix.1864.1028458317
datafile 27 switched to datafile copy
input datafile copy RECID=205 STAMP=1028458600 file name=+DATA/ADDEVL/DATAFILE/titanods_dt.1863.1028458321
datafile 28 switched to datafile copy
input datafile copy RECID=206 STAMP=1028458600 file name=+DATA/ADDEVL/DATAFILE/titanods_ix.1867.1028458321
datafile 29 switched to datafile copy
input datafile copy RECID=207 STAMP=1028458600 file name=+DATA/ADDEVL/DATAFILE/titan_dt.1850.1028458367
datafile 30 switched to datafile copy
input datafile copy RECID=208 STAMP=1028458600 file name=+DATA/ADDEVL/DATAFILE/titan_ix.1833.1028458425
datafile 31 switched to datafile copy
input datafile copy RECID=209 STAMP=1028458600 file name=+DATA/ADDEVL/DATAFILE/toad_dt.1866.1028458433
datafile 32 switched to datafile copy
input datafile copy RECID=210 STAMP=1028458600 file name=+DATA/ADDEVL/DATAFILE/toad_ix.1834.1028458433
datafile 33 switched to datafile copy
input datafile copy RECID=211 STAMP=1028458600 file name=+DATA/ADDEVL/DATAFILE/ulmo_dt.1862.1028458435
datafile 34 switched to datafile copy
input datafile copy RECID=212 STAMP=1028458600 file name=+DATA/ADDEVL/DATAFILE/ulmo_ix.522.1028458511
datafile 35 switched to datafile copy
input datafile copy RECID=213 STAMP=1028458600 file name=+DATA/ADDEVL/DATAFILE/undotbs1.1836.1028458519
datafile 36 switched to datafile copy
input datafile copy RECID=214 STAMP=1028458600 file name=+DATA/ADDEVL/DATAFILE/auditing.524.1028458521
datafile 37 switched to datafile copy
input datafile copy RECID=215 STAMP=1028458600 file name=+DATA/ADDEVL/DATAFILE/titan_dt.1856.1028458525

contents of Memory Script:
{
   set until scn  121972452022;
   recover
   clone database
    delete archivelog
   ;
}
executing Memory Script

executing command: SET until clause

Starting recover at 31-DEC-19

starting media recovery

archived log for thread 1 with sequence 524 is already on disk as file +FRA/ADDEVL/ARCHIVELOG/2019_12_31/thread_1_seq_524.956.1028458597
archived log for thread 1 with sequence 525 is already on disk as file +FRA/ADDEVL/ARCHIVELOG/2019_12_31/thread_1_seq_525.992.1028458597
archived log file name=+FRA/ADDEVL/ARCHIVELOG/2019_12_31/thread_1_seq_524.956.1028458597 thread=1 sequence=524
archived log file name=+FRA/ADDEVL/ARCHIVELOG/2019_12_31/thread_1_seq_525.992.1028458597 thread=1 sequence=525
media recovery complete, elapsed time: 00:00:00
Finished recover at 31-DEC-19

contents of Memory Script:
{
   delete clone force archivelog all;
}
executing Memory Script

deleted archived log
archived log file name=+FRA/ADDEVL/ARCHIVELOG/2019_12_31/thread_1_seq_524.956.1028458597 RECID=1 STAMP=1028458597
Deleted 1 objects

deleted archived log
archived log file name=+FRA/ADDEVL/ARCHIVELOG/2019_12_31/thread_1_seq_525.992.1028458597 RECID=2 STAMP=1028458597
Deleted 1 objects

released channel: prm1
released channel: prm2
released channel: aux1
released channel: aux2
released channel: aux3
released channel: aux4
Oracle instance started

Total System Global Area    1610612016 bytes

Fixed Size                     8658224 bytes
Variable Size                603979776 bytes
Database Buffers             989855744 bytes
Redo Buffers                   8118272 bytes

contents of Memory Script:
{
   sql clone "alter system set  db_name = 
 ''ADDEVL'' comment=
 ''Reset to original value by RMAN'' scope=spfile";
   sql clone "alter system reset  db_unique_name scope=spfile";
}
executing Memory Script

sql statement: alter system set  db_name =  ''ADDEVL'' comment= ''Reset to original value by RMAN'' scope=spfile

sql statement: alter system reset  db_unique_name scope=spfile
Oracle instance started

Total System Global Area    1610612016 bytes

Fixed Size                     8658224 bytes
Variable Size                603979776 bytes
Database Buffers             989855744 bytes
Redo Buffers                   8118272 bytes
sql statement: CREATE CONTROLFILE REUSE SET DATABASE "ADDEVL" RESETLOGS ARCHIVELOG 
  MAXLOGFILES     16
  MAXLOGMEMBERS      3
  MAXDATAFILES      100
  MAXINSTANCES     8
  MAXLOGHISTORY      584
 LOGFILE
  GROUP   1  SIZE 200 M ,
  GROUP   2  SIZE 200 M ,
  GROUP   3  SIZE 200 M ,
  GROUP   4  SIZE 200 M 
 DATAFILE
  '+DATA/ADDEVL/DATAFILE/system.846.1028457937'
 CHARACTER SET AL32UTF8


contents of Memory Script:
{
   set newname for clone tempfile  1 to new;
   switch clone tempfile all;
   catalog clone datafilecopy  "+DATA/ADDEVL/DATAFILE/appl_shared_objs_ix.1852.1028457937", 
 "+DATA/ADDEVL/DATAFILE/sysaux.1830.1028457937", 
 "+DATA/ADDEVL/DATAFILE/undotbs1.847.1028457939", 
 "+DATA/ADDEVL/DATAFILE/appl_shared_objs_dt.858.1028457939", 
 "+DATA/ADDEVL/DATAFILE/users.1847.1028457947", 
 "+DATA/ADDEVL/DATAFILE/datapub_dt.1854.1028457949", 
 "+DATA/ADDEVL/DATAFILE/datapub_dt.864.1028457949", 
 "+DATA/ADDEVL/DATAFILE/datapub_ix.1832.1028458129", 
 "+DATA/ADDEVL/DATAFILE/dzdba_dt.1835.1028458145", 
 "+DATA/ADDEVL/DATAFILE/dzdba_ix.862.1028458149", 
 "+DATA/ADDEVL/DATAFILE/ibis_dt.1855.1028458153", 
 "+DATA/ADDEVL/DATAFILE/ibis_ix.1853.1028458199", 
 "+DATA/ADDEVL/DATAFILE/lng_rabitetl_dt.1845.1028458201", 
 "+DATA/ADDEVL/DATAFILE/lng_rabitetl_ix.893.1028458203", 
 "+DATA/ADDEVL/DATAFILE/nomad_dt.1844.1028458205", 
 "+DATA/ADDEVL/DATAFILE/nomad_ix.1868.1028458221", 
 "+DATA/ADDEVL/DATAFILE/pandora_dt.1008.1028458257", 
 "+DATA/ADDEVL/DATAFILE/rabit_dt.1851.1028458257", 
 "+DATA/ADDEVL/DATAFILE/rabit_ix.1858.1028458259", 
 "+DATA/ADDEVL/DATAFILE/salt_dt.1857.1028458259", 
 "+DATA/ADDEVL/DATAFILE/salt_ix.1846.1028458261", 
 "+DATA/ADDEVL/DATAFILE/sirocco_dt.1843.1028458285", 
 "+DATA/ADDEVL/DATAFILE/sirocco_ix.1831.1028458301", 
 "+DATA/ADDEVL/DATAFILE/sweden_dt.1865.1028458317", 
 "+DATA/ADDEVL/DATAFILE/sweden_ix.1864.1028458317", 
 "+DATA/ADDEVL/DATAFILE/titanods_dt.1863.1028458321", 
 "+DATA/ADDEVL/DATAFILE/titanods_ix.1867.1028458321", 
 "+DATA/ADDEVL/DATAFILE/titan_dt.1850.1028458367", 
 "+DATA/ADDEVL/DATAFILE/titan_ix.1833.1028458425", 
 "+DATA/ADDEVL/DATAFILE/toad_dt.1866.1028458433", 
 "+DATA/ADDEVL/DATAFILE/toad_ix.1834.1028458433", 
 "+DATA/ADDEVL/DATAFILE/ulmo_dt.1862.1028458435", 
 "+DATA/ADDEVL/DATAFILE/ulmo_ix.522.1028458511", 
 "+DATA/ADDEVL/DATAFILE/undotbs1.1836.1028458519", 
 "+DATA/ADDEVL/DATAFILE/auditing.524.1028458521", 
 "+DATA/ADDEVL/DATAFILE/titan_dt.1856.1028458525";
   switch clone datafile all;
}
executing Memory Script

executing command: SET NEWNAME

renamed tempfile 1 to +DATA in control file

cataloged datafile copy
datafile copy file name=+DATA/ADDEVL/DATAFILE/appl_shared_objs_ix.1852.1028457937 RECID=1 STAMP=1028458643
cataloged datafile copy
datafile copy file name=+DATA/ADDEVL/DATAFILE/sysaux.1830.1028457937 RECID=2 STAMP=1028458643
cataloged datafile copy
datafile copy file name=+DATA/ADDEVL/DATAFILE/undotbs1.847.1028457939 RECID=3 STAMP=1028458643
cataloged datafile copy
datafile copy file name=+DATA/ADDEVL/DATAFILE/appl_shared_objs_dt.858.1028457939 RECID=4 STAMP=1028458643
cataloged datafile copy
datafile copy file name=+DATA/ADDEVL/DATAFILE/users.1847.1028457947 RECID=5 STAMP=1028458643
cataloged datafile copy
datafile copy file name=+DATA/ADDEVL/DATAFILE/datapub_dt.1854.1028457949 RECID=6 STAMP=1028458643
cataloged datafile copy
datafile copy file name=+DATA/ADDEVL/DATAFILE/datapub_dt.864.1028457949 RECID=7 STAMP=1028458643
cataloged datafile copy
datafile copy file name=+DATA/ADDEVL/DATAFILE/datapub_ix.1832.1028458129 RECID=8 STAMP=1028458643
cataloged datafile copy
datafile copy file name=+DATA/ADDEVL/DATAFILE/dzdba_dt.1835.1028458145 RECID=9 STAMP=1028458643
cataloged datafile copy
datafile copy file name=+DATA/ADDEVL/DATAFILE/dzdba_ix.862.1028458149 RECID=10 STAMP=1028458643
cataloged datafile copy
datafile copy file name=+DATA/ADDEVL/DATAFILE/ibis_dt.1855.1028458153 RECID=11 STAMP=1028458643
cataloged datafile copy
datafile copy file name=+DATA/ADDEVL/DATAFILE/ibis_ix.1853.1028458199 RECID=12 STAMP=1028458643
cataloged datafile copy
datafile copy file name=+DATA/ADDEVL/DATAFILE/lng_rabitetl_dt.1845.1028458201 RECID=13 STAMP=1028458643
cataloged datafile copy
datafile copy file name=+DATA/ADDEVL/DATAFILE/lng_rabitetl_ix.893.1028458203 RECID=14 STAMP=1028458643
cataloged datafile copy
datafile copy file name=+DATA/ADDEVL/DATAFILE/nomad_dt.1844.1028458205 RECID=15 STAMP=1028458643
cataloged datafile copy
datafile copy file name=+DATA/ADDEVL/DATAFILE/nomad_ix.1868.1028458221 RECID=16 STAMP=1028458643
cataloged datafile copy
datafile copy file name=+DATA/ADDEVL/DATAFILE/pandora_dt.1008.1028458257 RECID=17 STAMP=1028458643
cataloged datafile copy
datafile copy file name=+DATA/ADDEVL/DATAFILE/rabit_dt.1851.1028458257 RECID=18 STAMP=1028458643
cataloged datafile copy
datafile copy file name=+DATA/ADDEVL/DATAFILE/rabit_ix.1858.1028458259 RECID=19 STAMP=1028458643
cataloged datafile copy
datafile copy file name=+DATA/ADDEVL/DATAFILE/salt_dt.1857.1028458259 RECID=20 STAMP=1028458643
cataloged datafile copy
datafile copy file name=+DATA/ADDEVL/DATAFILE/salt_ix.1846.1028458261 RECID=21 STAMP=1028458643
cataloged datafile copy
datafile copy file name=+DATA/ADDEVL/DATAFILE/sirocco_dt.1843.1028458285 RECID=22 STAMP=1028458643
cataloged datafile copy
datafile copy file name=+DATA/ADDEVL/DATAFILE/sirocco_ix.1831.1028458301 RECID=23 STAMP=1028458643
cataloged datafile copy
datafile copy file name=+DATA/ADDEVL/DATAFILE/sweden_dt.1865.1028458317 RECID=24 STAMP=1028458643
cataloged datafile copy
datafile copy file name=+DATA/ADDEVL/DATAFILE/sweden_ix.1864.1028458317 RECID=25 STAMP=1028458643
cataloged datafile copy
datafile copy file name=+DATA/ADDEVL/DATAFILE/titanods_dt.1863.1028458321 RECID=26 STAMP=1028458643
cataloged datafile copy
datafile copy file name=+DATA/ADDEVL/DATAFILE/titanods_ix.1867.1028458321 RECID=27 STAMP=1028458643
cataloged datafile copy
datafile copy file name=+DATA/ADDEVL/DATAFILE/titan_dt.1850.1028458367 RECID=28 STAMP=1028458643
cataloged datafile copy
datafile copy file name=+DATA/ADDEVL/DATAFILE/titan_ix.1833.1028458425 RECID=29 STAMP=1028458643
cataloged datafile copy
datafile copy file name=+DATA/ADDEVL/DATAFILE/toad_dt.1866.1028458433 RECID=30 STAMP=1028458643
cataloged datafile copy
datafile copy file name=+DATA/ADDEVL/DATAFILE/toad_ix.1834.1028458433 RECID=31 STAMP=1028458643
cataloged datafile copy
datafile copy file name=+DATA/ADDEVL/DATAFILE/ulmo_dt.1862.1028458435 RECID=32 STAMP=1028458643
cataloged datafile copy
datafile copy file name=+DATA/ADDEVL/DATAFILE/ulmo_ix.522.1028458511 RECID=33 STAMP=1028458643
cataloged datafile copy
datafile copy file name=+DATA/ADDEVL/DATAFILE/undotbs1.1836.1028458519 RECID=34 STAMP=1028458644
cataloged datafile copy
datafile copy file name=+DATA/ADDEVL/DATAFILE/auditing.524.1028458521 RECID=35 STAMP=1028458644
cataloged datafile copy
datafile copy file name=+DATA/ADDEVL/DATAFILE/titan_dt.1856.1028458525 RECID=36 STAMP=1028458644

datafile 2 switched to datafile copy
input datafile copy RECID=1 STAMP=1028458643 file name=+DATA/ADDEVL/DATAFILE/appl_shared_objs_ix.1852.1028457937
datafile 3 switched to datafile copy
input datafile copy RECID=2 STAMP=1028458643 file name=+DATA/ADDEVL/DATAFILE/sysaux.1830.1028457937
datafile 4 switched to datafile copy
input datafile copy RECID=3 STAMP=1028458643 file name=+DATA/ADDEVL/DATAFILE/undotbs1.847.1028457939
datafile 5 switched to datafile copy
input datafile copy RECID=4 STAMP=1028458643 file name=+DATA/ADDEVL/DATAFILE/appl_shared_objs_dt.858.1028457939
datafile 6 switched to datafile copy
input datafile copy RECID=5 STAMP=1028458643 file name=+DATA/ADDEVL/DATAFILE/users.1847.1028457947
datafile 7 switched to datafile copy
input datafile copy RECID=6 STAMP=1028458643 file name=+DATA/ADDEVL/DATAFILE/datapub_dt.1854.1028457949
datafile 8 switched to datafile copy
input datafile copy RECID=7 STAMP=1028458643 file name=+DATA/ADDEVL/DATAFILE/datapub_dt.864.1028457949
datafile 9 switched to datafile copy
input datafile copy RECID=8 STAMP=1028458643 file name=+DATA/ADDEVL/DATAFILE/datapub_ix.1832.1028458129
datafile 10 switched to datafile copy
input datafile copy RECID=9 STAMP=1028458643 file name=+DATA/ADDEVL/DATAFILE/dzdba_dt.1835.1028458145
datafile 11 switched to datafile copy
input datafile copy RECID=10 STAMP=1028458643 file name=+DATA/ADDEVL/DATAFILE/dzdba_ix.862.1028458149
datafile 12 switched to datafile copy
input datafile copy RECID=11 STAMP=1028458643 file name=+DATA/ADDEVL/DATAFILE/ibis_dt.1855.1028458153
datafile 13 switched to datafile copy
input datafile copy RECID=12 STAMP=1028458643 file name=+DATA/ADDEVL/DATAFILE/ibis_ix.1853.1028458199
datafile 14 switched to datafile copy
input datafile copy RECID=13 STAMP=1028458643 file name=+DATA/ADDEVL/DATAFILE/lng_rabitetl_dt.1845.1028458201
datafile 15 switched to datafile copy
input datafile copy RECID=14 STAMP=1028458643 file name=+DATA/ADDEVL/DATAFILE/lng_rabitetl_ix.893.1028458203
datafile 16 switched to datafile copy
input datafile copy RECID=15 STAMP=1028458643 file name=+DATA/ADDEVL/DATAFILE/nomad_dt.1844.1028458205
datafile 17 switched to datafile copy
input datafile copy RECID=16 STAMP=1028458643 file name=+DATA/ADDEVL/DATAFILE/nomad_ix.1868.1028458221
datafile 18 switched to datafile copy
input datafile copy RECID=17 STAMP=1028458643 file name=+DATA/ADDEVL/DATAFILE/pandora_dt.1008.1028458257
datafile 19 switched to datafile copy
input datafile copy RECID=18 STAMP=1028458643 file name=+DATA/ADDEVL/DATAFILE/rabit_dt.1851.1028458257
datafile 20 switched to datafile copy
input datafile copy RECID=19 STAMP=1028458643 file name=+DATA/ADDEVL/DATAFILE/rabit_ix.1858.1028458259
datafile 21 switched to datafile copy
input datafile copy RECID=20 STAMP=1028458643 file name=+DATA/ADDEVL/DATAFILE/salt_dt.1857.1028458259
datafile 22 switched to datafile copy
input datafile copy RECID=21 STAMP=1028458643 file name=+DATA/ADDEVL/DATAFILE/salt_ix.1846.1028458261
datafile 23 switched to datafile copy
input datafile copy RECID=22 STAMP=1028458643 file name=+DATA/ADDEVL/DATAFILE/sirocco_dt.1843.1028458285
datafile 24 switched to datafile copy
input datafile copy RECID=23 STAMP=1028458643 file name=+DATA/ADDEVL/DATAFILE/sirocco_ix.1831.1028458301
datafile 25 switched to datafile copy
input datafile copy RECID=24 STAMP=1028458643 file name=+DATA/ADDEVL/DATAFILE/sweden_dt.1865.1028458317
datafile 26 switched to datafile copy
input datafile copy RECID=25 STAMP=1028458643 file name=+DATA/ADDEVL/DATAFILE/sweden_ix.1864.1028458317
datafile 27 switched to datafile copy
input datafile copy RECID=26 STAMP=1028458643 file name=+DATA/ADDEVL/DATAFILE/titanods_dt.1863.1028458321
datafile 28 switched to datafile copy
input datafile copy RECID=27 STAMP=1028458643 file name=+DATA/ADDEVL/DATAFILE/titanods_ix.1867.1028458321
datafile 29 switched to datafile copy
input datafile copy RECID=28 STAMP=1028458643 file name=+DATA/ADDEVL/DATAFILE/titan_dt.1850.1028458367
datafile 30 switched to datafile copy
input datafile copy RECID=29 STAMP=1028458643 file name=+DATA/ADDEVL/DATAFILE/titan_ix.1833.1028458425
datafile 31 switched to datafile copy
input datafile copy RECID=30 STAMP=1028458643 file name=+DATA/ADDEVL/DATAFILE/toad_dt.1866.1028458433
datafile 32 switched to datafile copy
input datafile copy RECID=31 STAMP=1028458643 file name=+DATA/ADDEVL/DATAFILE/toad_ix.1834.1028458433
datafile 33 switched to datafile copy
input datafile copy RECID=32 STAMP=1028458643 file name=+DATA/ADDEVL/DATAFILE/ulmo_dt.1862.1028458435
datafile 34 switched to datafile copy
input datafile copy RECID=33 STAMP=1028458643 file name=+DATA/ADDEVL/DATAFILE/ulmo_ix.522.1028458511
datafile 35 switched to datafile copy
input datafile copy RECID=34 STAMP=1028458644 file name=+DATA/ADDEVL/DATAFILE/undotbs1.1836.1028458519
datafile 36 switched to datafile copy
input datafile copy RECID=35 STAMP=1028458644 file name=+DATA/ADDEVL/DATAFILE/auditing.524.1028458521
datafile 37 switched to datafile copy
input datafile copy RECID=36 STAMP=1028458644 file name=+DATA/ADDEVL/DATAFILE/titan_dt.1856.1028458525
Reenabling controlfile options for auxiliary database
Executing: alter database force logging

contents of Memory Script:
{
   Alter clone database open resetlogs;
}
executing Memory Script

database opened
Finished Duplicate Db at 31-DEC-19

Recovery Manager complete.
